<?xml version="1.0" encoding="UTF-8"?>
<!-- Generated by org.testng.reporters.JUnitReportReporter -->
<testsuite hostname="DESKTOP-1U1S0Q0" failures="0" tests="1" name="Tests.SubmitOrderTest" time="30.231" errors="0" timestamp="2024-02-24T11:54:14 IST" skipped="0">
  <testcase classname="Tests.SubmitOrderTest" name="submitOrder" time="30.231"/>
</testsuite> <!-- Tests.SubmitOrderTest -->
