<?xml version="1.0" encoding="UTF-8"?>
<!-- Generated by org.testng.reporters.JUnitReportReporter -->
<testsuite hostname="DESKTOP-1U1S0Q0" failures="0" tests="2" name="Tests.SubmitOrderTest2" time="18.064" errors="0" timestamp="2024-02-22T21:58:50 IST" skipped="0">
  <testcase classname="Tests.SubmitOrderTest2" name="submitOrder" time="4.994"/>
  <testcase classname="Tests.SubmitOrderTest2" name="submitOrder" time="13.070"/>
</testsuite> <!-- Tests.SubmitOrderTest2 -->
