<?xml version="1.0" encoding="UTF-8"?>
<!-- Generated by org.testng.reporters.JUnitReportReporter -->
<testsuite hostname="DESKTOP-1U1S0Q0" failures="0" tests="2" name="cucumberoptions.TestNGTestRunner" time="9.236" errors="0" timestamp="2024-07-21T11:53:15 IST" skipped="0">
  <testcase classname="cucumberoptions.TestNGTestRunner" name="runScenario" time="3.475"/>
  <testcase classname="cucumberoptions.TestNGTestRunner" name="runScenario" time="5.761"/>
</testsuite> <!-- cucumberoptions.TestNGTestRunner -->
